# JRE version: Java(TM) SE Runtime Environment (22.0.1+8) (build 22.0.1+8-16)
# Java VM: Java HotSpot(TM) 64-Bit Server VM (22.0.1+8-16, mixed mode, sharing, tiered, compressed oops, compressed class ptrs, g1 gc, windows-amd64)
GC Precious Log:
 CardTable entry size: 512
 Card Set container configuration: InlinePtr #cards 4 size 8 Array Of Cards #cards 16 size 48 Howl #buckets 8 coarsen threshold 3686 Howl Bitmap #cards 512 size 80 coarsen threshold 460 Card regions per heap region 1 cards per card region 4096
 CPUs: 8 total, 8 available
 Memory: 7834M
 Large Page Support: Disabled
 NUMA Support: Disabled
 Compressed Oops: Enabled (Zero based)
 Heap Region Size: 2M
 Heap Min Capacity: 8M
 Heap Initial Capacity: 124M
 Heap Max Capacity: 4G
 Pre-touch: Disabled
 Parallel Workers: 8
 Concurrent Workers: 2
 Concurrent Refinement Workers: 8
 Periodic GC: Disabled
Heap:
 garbage-first heap   total reserved 4194304K, committed 270336K, used 166573K [0x0000000700000000, 0x0000000800000000)
  region size 2048K, 6 young (12288K), 6 survivors (12288K)
 Metaspace       used 92666K, committed 95232K, reserved 1179648K
  class space    used 13346K, committed 14528K, reserved 1048576K
GC Heap History (20 events):
Event: 55.693 GC heap after
{Heap after GC invocations=41 (full 0):
 garbage-first heap   total reserved 4194304K, committed 182272K, used 110290K [0x0000000700000000, 0x0000000800000000)
  region size 2048K, 3 young (6144K), 3 survivors (6144K)
 Metaspace       used 87990K, committed 90240K, reserved 1179648K
  class space    used 12687K, committed 13760K, reserved 1048576K
}
Event: 56.449 GC heap before
{Heap before GC invocations=41 (full 0):
 garbage-first heap   total reserved 4194304K, committed 182272K, used 163538K [0x0000000700000000, 0x0000000800000000)
  region size 2048K, 29 young (59392K), 3 survivors (6144K)
 Metaspace       used 89168K, committed 91520K, reserved 1179648K
  class space    used 12867K, committed 14016K, reserved 1048576K
}
Event: 56.460 GC heap after
{Heap after GC invocations=42 (full 0):
 garbage-first heap   total reserved 4194304K, committed 182272K, used 114688K [0x0000000700000000, 0x0000000800000000)
  region size 2048K, 4 young (8192K), 4 survivors (8192K)
 Metaspace       used 89168K, committed 91520K, reserved 1179648K
  class space    used 12867K, committed 14016K, reserved 1048576K
}
Event: 57.120 GC heap before
{Heap before GC invocations=42 (full 0):
 garbage-first heap   total reserved 4194304K, committed 182272K, used 163840K [0x0000000700000000, 0x0000000800000000)
  region size 2048K, 28 young (57344K), 4 survivors (8192K)
 Metaspace       used 89891K, committed 92288K, reserved 1179648K
  class space    used 12947K, committed 14080K, reserved 1048576K
}
Event: 57.130 GC heap after
{Heap after GC invocations=43 (full 0):
 garbage-first heap   total reserved 4194304K, committed 182272K, used 121867K [0x0000000700000000, 0x0000000800000000)
  region size 2048K, 4 young (8192K), 4 survivors (8192K)
 Metaspace       used 89891K, committed 92288K, reserved 1179648K
  class space    used 12947K, committed 14080K, reserved 1048576K
}
Event: 57.323 GC heap before
{Heap before GC invocations=44 (full 0):
 garbage-first heap   total reserved 4194304K, committed 208896K, used 158731K [0x0000000700000000, 0x0000000800000000)
  region size 2048K, 22 young (45056K), 4 survivors (8192K)
 Metaspace       used 89891K, committed 92288K, reserved 1179648K
  class space    used 12948K, committed 14080K, reserved 1048576K
}
Event: 57.328 GC heap after
{Heap after GC invocations=45 (full 0):
 garbage-first heap   total reserved 4194304K, committed 208896K, used 123226K [0x0000000700000000, 0x0000000800000000)
  region size 2048K, 2 young (4096K), 2 survivors (4096K)
 Metaspace       used 89891K, committed 92288K, reserved 1179648K
  class space    used 12948K, committed 14080K, reserved 1048576K
}
Event: 58.884 GC heap before
{Heap before GC invocations=45 (full 0):
 garbage-first heap   total reserved 4194304K, committed 208896K, used 186714K [0x0000000700000000, 0x0000000800000000)
  region size 2048K, 34 young (69632K), 2 survivors (4096K)
 Metaspace       used 91355K, committed 93760K, reserved 1179648K
  class space    used 13201K, committed 14336K, reserved 1048576K
}
Event: 58.900 GC heap after
{Heap after GC invocations=46 (full 0):
 garbage-first heap   total reserved 4194304K, committed 208896K, used 131187K [0x0000000700000000, 0x0000000800000000)
  region size 2048K, 5 young (10240K), 5 survivors (10240K)
 Metaspace       used 91355K, committed 93760K, reserved 1179648K
  class space    used 13201K, committed 14336K, reserved 1048576K
}
Event: 61.894 GC heap before
{Heap before GC invocations=46 (full 0):
 garbage-first heap   total reserved 4194304K, committed 208896K, used 182387K [0x0000000700000000, 0x0000000800000000)
  region size 2048K, 31 young (63488K), 5 survivors (10240K)
 Metaspace       used 92006K, committed 94528K, reserved 1179648K
  class space    used 13266K, committed 14464K, reserved 1048576K
}
Event: 61.920 GC heap after
{Heap after GC invocations=47 (full 0):
 garbage-first heap   total reserved 4194304K, committed 208896K, used 141456K [0x0000000700000000, 0x0000000800000000)
  region size 2048K, 4 young (8192K), 4 survivors (8192K)
 Metaspace       used 92006K, committed 94528K, reserved 1179648K
  class space    used 13266K, committed 14464K, reserved 1048576K
}
Event: 63.051 GC heap before
{Heap before GC invocations=48 (full 0):
 garbage-first heap   total reserved 4194304K, committed 239616K, used 182416K [0x0000000700000000, 0x0000000800000000)
  region size 2048K, 25 young (51200K), 4 survivors (8192K)
 Metaspace       used 92016K, committed 94528K, reserved 1179648K
  class space    used 13266K, committed 14464K, reserved 1048576K
}
Event: 63.065 GC heap after
{Heap after GC invocations=49 (full 0):
 garbage-first heap   total reserved 4194304K, committed 239616K, used 145380K [0x0000000700000000, 0x0000000800000000)
  region size 2048K, 2 young (4096K), 2 survivors (4096K)
 Metaspace       used 92016K, committed 94528K, reserved 1179648K
  class space    used 13266K, committed 14464K, reserved 1048576K
}
Event: 64.768 GC heap before
{Heap before GC invocations=49 (full 0):
 garbage-first heap   total reserved 4194304K, committed 239616K, used 212964K [0x0000000700000000, 0x0000000800000000)
  region size 2048K, 36 young (73728K), 2 survivors (4096K)
 Metaspace       used 92175K, committed 94656K, reserved 1179648K
  class space    used 13291K, committed 14464K, reserved 1048576K
}
Event: 64.782 GC heap after
{Heap after GC invocations=50 (full 0):
 garbage-first heap   total reserved 4194304K, committed 239616K, used 155223K [0x0000000700000000, 0x0000000800000000)
  region size 2048K, 5 young (10240K), 5 survivors (10240K)
 Metaspace       used 92175K, committed 94656K, reserved 1179648K
  class space    used 13291K, committed 14464K, reserved 1048576K
}
Event: 65.786 GC heap before
{Heap before GC invocations=50 (full 0):
 garbage-first heap   total reserved 4194304K, committed 239616K, used 212567K [0x0000000700000000, 0x0000000800000000)
  region size 2048K, 34 young (69632K), 5 survivors (10240K)
 Metaspace       used 92229K, committed 94720K, reserved 1179648K
  class space    used 13297K, committed 14464K, reserved 1048576K
}
Event: 65.798 GC heap after
{Heap after GC invocations=51 (full 0):
 garbage-first heap   total reserved 4194304K, committed 239616K, used 160222K [0x0000000700000000, 0x0000000800000000)
  region size 2048K, 3 young (6144K), 3 survivors (6144K)
 Metaspace       used 92229K, committed 94720K, reserved 1179648K
  class space    used 13297K, committed 14464K, reserved 1048576K
}
Event: 67.171 GC heap before
{Heap before GC invocations=52 (full 0):
 garbage-first heap   total reserved 4194304K, committed 270336K, used 215518K [0x0000000700000000, 0x0000000800000000)
  region size 2048K, 30 young (61440K), 3 survivors (6144K)
 Metaspace       used 92418K, committed 94976K, reserved 1179648K
  class space    used 13315K, committed 14528K, reserved 1048576K
}
Event: 67.183 GC heap after
{Heap after GC invocations=53 (full 0):
 garbage-first heap   total reserved 4194304K, committed 270336K, used 164394K [0x0000000700000000, 0x0000000800000000)
  region size 2048K, 3 young (6144K), 3 survivors (6144K)
 Metaspace       used 92418K, committed 94976K, reserved 1179648K
  class space    used 13315K, committed 14528K, reserved 1048576K
}
Event: 68.664 GC heap before
{Heap before GC invocations=53 (full 0):
 garbage-first heap   total reserved 4194304K, committed 270336K, used 240170K [0x0000000700000000, 0x0000000800000000)
  region size 2048K, 41 young (83968K), 3 survivors (6144K)
 Metaspace       used 92666K, committed 95232K, reserved 1179648K
  class space    used 13346K, committed 14528K, reserved 1048576K
}

